INFO:root:2014-07-24 18:51:01.223143
INFO:root:2014-07-24 18:54:01.233880
INFO:root:2014-07-24 18:54:49.388980
DEBUG:root:Already up-to-date.

INFO:root:Pulled /Documents/Python_Study
INFO:root:Found a new mod path /Documents/Python_Study, abort update
INFO:root:2014-07-24 18:55:26.902571
DEBUG:root:/home/ycao/Documents/Git-Streak-Savor
DEBUG:root:/home/ycao/Documents/Python_Study
DEBUG:root:Already up-to-date.

INFO:root:Pulled /Documents/Python_Study
INFO:root:Found a new mod path /Documents/Python_Study, abort update
INFO:root:2014-07-24 18:55:29.625862
DEBUG:root:/home/ycao/Documents/Git-Streak-Savor
DEBUG:root:/home/ycao/Documents/Python_Study
DEBUG:root:Already up-to-date.

INFO:root:Pulled /Documents/Python_Study
INFO:root:Found a new mod path /Documents/Python_Study, abort update
INFO:root:2014-07-24 18:56:03.786264
DEBUG:root:before-->
DEBUG:root:/home/ycao/Documents/Git-Streak-Savor
DEBUG:root:after-->
DEBUG:root:/home/ycao/Documents/Python_Study
DEBUG:root:Already up-to-date.

INFO:root:Pulled /Documents/Python_Study
INFO:root:Found a new mod path /Documents/Python_Study, abort update
INFO:root:2014-07-24 18:57:01.233705
DEBUG:root:before-->
DEBUG:root:/home/ycao
DEBUG:root:after-->
DEBUG:root:/home/ycao/Documents/Python_Study
INFO:root:2014-07-24 19:02:01.265054
DEBUG:root:before-->
DEBUG:root:/home/ycao
DEBUG:root:after-->
DEBUG:root:/home/ycao/Documents/Python_Study
INFO:root:2014-07-24 19:03:30.833376
DEBUG:root:before-->
DEBUG:root:/home/ycao/Documents/Git-Streak-Savor
DEBUG:root:after-->
DEBUG:root:/home/ycao/Documents/Python_Study
DEBUG:root:Already up-to-date.

INFO:root:Pulled /Documents/Python_Study
INFO:root:Found a new mod path /Documents/Python_Study, abort update
DEBUG:root:before-->
DEBUG:root:/home/ycao/Documents/Python_Study
DEBUG:root:after-->
DEBUG:root:/home/ycao/Documents/jekyll-blog
DEBUG:root:Already up-to-date.

INFO:root:Pulled /Documents/jekyll-blog
INFO:root:Found a new mod path /Documents/jekyll-blog, abort update
DEBUG:root:
INFO:root:Aborted and reverted
INFO:root:--------------------
INFO:root:2014-07-25 20:53:13.139817
DEBUG:root:before-->
DEBUG:root:/home/ycao/Documents/Git-Streak-Savor
DEBUG:root:after-->
DEBUG:root:/home/ycao/Documents/Python_Study
DEBUG:root:Already up-to-date.

INFO:root:Pulled /Documents/Python_Study
DEBUG:root:before-->
DEBUG:root:/home/ycao/Documents/Python_Study
DEBUG:root:after-->
DEBUG:root:/home/ycao/Documents/jekyll-blog
DEBUG:root:Updating 6b7fa58..c444dc2
Fast-forward
 _posts/2014-07-12-github-streak-savor.md |    2 [32m+[m[31m-[m
 1 file changed, 1 insertion(+), 1 deletion(-)

INFO:root:Pulled /Documents/jekyll-blog
DEBUG:root:
INFO:root:Aborted and reverted
INFO:root:--------------------
INFO:root:2014-07-25 20:56:01.468750
DEBUG:root:before-->
DEBUG:root:/home/ycao
DEBUG:root:after-->
DEBUG:root:/home/ycao/Documents/Python_Study
DEBUG:root:Already up-to-date.

INFO:root:Pulled /Documents/Python_Study
INFO:root:2014-07-25 21:03:22.928268
DEBUG:root:before-->
DEBUG:root:/home/ycao/Documents/Git-Streak-Savor
DEBUG:root:after-->
DEBUG:root:/home/ycao/Documents/Python_Study
DEBUG:root:Already up-to-date.

INFO:root:Pulled /Documents/Python_Study
DEBUG:root:before-->
DEBUG:root:/home/ycao/Documents/Python_Study
DEBUG:root:after-->
DEBUG:root:/home/ycao/Documents/jekyll-blog
DEBUG:root:Already up-to-date.

INFO:root:Pulled /Documents/jekyll-blog
INFO:root:Aborted and reverted
INFO:root:==========start==========
INFO:root:2014-07-25 21:03:41.940608
DEBUG:root:before-->
DEBUG:root:/home/ycao/Documents/Git-Streak-Savor
DEBUG:root:after-->
DEBUG:root:/home/ycao/Documents/Python_Study
DEBUG:root:Already up-to-date.

INFO:root:Pulled /Documents/Python_Study
DEBUG:root:before-->
DEBUG:root:/home/ycao/Documents/Python_Study
DEBUG:root:after-->
DEBUG:root:/home/ycao/Documents/jekyll-blog
DEBUG:root:Already up-to-date.

INFO:root:Pulled /Documents/jekyll-blog
INFO:root:Aborted and reverted
INFO:root:==========start==========
INFO:root:2014-07-25 21:04:11.277203
DEBUG:root:before-->
DEBUG:root:/home/ycao/Documents/Git-Streak-Savor
DEBUG:root:after-->
DEBUG:root:/home/ycao/Documents/Python_Study
DEBUG:root:Already up-to-date.

INFO:root:Pulled /Documents/Python_Study
DEBUG:root:before-->
DEBUG:root:/home/ycao/Documents/Python_Study
DEBUG:root:after-->
DEBUG:root:/home/ycao/Documents/jekyll-blog
DEBUG:root:Already up-to-date.

INFO:root:Pulled /Documents/jekyll-blog
INFO:root:Aborted and reverted
INFO:root:==========end==========
INFO:root:============start============
INFO:root:2014-07-25 21:07:01.474387
DEBUG:root:before-->
DEBUG:root:/home/ycao
DEBUG:root:after-->
DEBUG:root:/home/ycao/Documents/Python_Study
DEBUG:root:Already up-to-date.

INFO:root:Pulled /Documents/Python_Study
INFO:root:============start============
INFO:root:2014-07-25 21:14:01.531505
DEBUG:root:before-->
DEBUG:root:/home/ycao
DEBUG:root:after-->
DEBUG:root:/home/ycao/Documents/Python_Study
DEBUG:root:Already up-to-date.

INFO:root:Pulled /Documents/Python_Study
INFO:root:============start============
INFO:root:2014-07-25 21:16:01.534561
DEBUG:root:before-->
DEBUG:root:/home/ycao
DEBUG:root:after-->
DEBUG:root:/home/ycao/Documents/Python_Study
DEBUG:root:Already up-to-date.

INFO:root:Pulled /Documents/Python_Study
INFO:root:============start============
INFO:root:2014-07-25 21:17:01.542983
DEBUG:root:before-->
DEBUG:root:/home/ycao
DEBUG:root:after-->
DEBUG:root:/home/ycao/Documents/Python_Study
DEBUG:root:Already up-to-date.

INFO:root:Pulled /Documents/Python_Study
INFO:root:============start============
INFO:root:2014-07-25 21:18:01.643921
DEBUG:root:before-->
DEBUG:root:/home/ycao
DEBUG:root:after-->
DEBUG:root:/home/ycao/Documents/Python_Study
DEBUG:root:Already up-to-date.

INFO:root:Pulled /Documents/Python_Study
DEBUG:root:cron running here????
INFO:root:============start============
INFO:root:2014-07-25 21:19:01.643356
DEBUG:root:before-->
DEBUG:root:/home/ycao
DEBUG:root:after-->
DEBUG:root:/home/ycao/Documents/Python_Study
DEBUG:root:Already up-to-date.

INFO:root:Pulled /Documents/Python_Study
DEBUG:root:cron running here????
INFO:root:============start============
INFO:root:2014-07-25 21:25:01.651417
DEBUG:root:before-->
DEBUG:root:/home/ycao
DEBUG:root:after-->
DEBUG:root:/home/ycao/Documents/Python_Study
DEBUG:root:Already up-to-date.

INFO:root:Pulled /Documents/Python_Study
DEBUG:root:cron running here????
INFO:root:============start============
INFO:root:2014-07-25 21:26:24.583067
DEBUG:root:before-->
DEBUG:root:/home/ycao/Documents/Git-Streak-Savor
DEBUG:root:after-->
DEBUG:root:/home/ycao/Documents/Python_Study
DEBUG:root:Already up-to-date.

INFO:root:Pulled /Documents/Python_Study
DEBUG:root:cron running here????
DEBUG:root:[?1h=[33mcommit ec2b1b0bb535fe2b4dc1b82a582fbb9949a7b2ad[m[m
Author: Yan Cao <cyandterry@hotmail.com>[m
Date:   2014-07-24 00:45:43 -0400[m
[m
    Added spiral[m
[K[?1l>
DEBUG:root:cron running here1
DEBUG:root:cron running here2
DEBUG:root:before-->
DEBUG:root:/home/ycao/Documents/Python_Study
DEBUG:root:after-->
DEBUG:root:/home/ycao/Documents/jekyll-blog
DEBUG:root:Already up-to-date.

INFO:root:Pulled /Documents/jekyll-blog
DEBUG:root:cron running here????
DEBUG:root:[?1h=[33mcommit c444dc2d51766ebb0438168a2c91bce3c8f0184b[m[m
Author: Yan Cao <cyandterry@hotmail.com>[m
Date:   2014-07-24 19:01:23 -0400[m
[m
    Need to test if cron works[m
[K[?1l>
DEBUG:root:cron running here1
DEBUG:root:cron running here2
INFO:root:Aborted and reverted
INFO:root:============end============
INFO:root:============start============
INFO:root:2014-07-26 21:31:21.830540
DEBUG:root:before-->
DEBUG:root:/home/ycao
DEBUG:root:after-->
DEBUG:root:/home/ycao/Documents/Python_Study
INFO:root:2014-07-29 11:11:02.671925
DEBUG:root:before-->
DEBUG:root:/home/ycao/Documents/Git-Streak-Savor
DEBUG:root:after-->
DEBUG:root:/home/ycao/Documents/Python_Study
DEBUG:root:Updating 101babd..d9ff876
Fast-forward
 Leetcode/Jump_Game.py                    |   38 [32m++++++++++++++[m
 Leetcode/Longest_Common_Prefix.py        |   16 [32m++++++[m
 Leetcode/Longest_Consecutive_Sequence.py |   84 [32m++++++++++++++++++++++++++++++[m
 Leetcode/Search_for_a_Range.py           |   34 [32m++++++++++++[m
 Leetcode/Unique_Paths_II.py              |   49 [32m+++++++++++++++++[m
 leetcode.py                              |   27 [32m+++++++++[m[31m-[m
 run.py                                   |    6 [32m+[m[31m--[m
 7 files changed, 250 insertions(+), 4 deletions(-)
 create mode 100644 Leetcode/Jump_Game.py
 create mode 100644 Leetcode/Longest_Common_Prefix.py
 create mode 100644 Leetcode/Longest_Consecutive_Sequence.py
 create mode 100644 Leetcode/Search_for_a_Range.py
 create mode 100644 Leetcode/Unique_Paths_II.py

INFO:root:Pulled /Documents/Python_Study
INFO:root:Found a new mod path /Documents/Python_Study, abort update
DEBUG:root:before-->
DEBUG:root:/home/ycao/Documents/Python_Study
DEBUG:root:after-->
DEBUG:root:/home/ycao/Documents/jekyll-blog
DEBUG:root:Already up-to-date.

INFO:root:Pulled /Documents/jekyll-blog
INFO:root:--------------------
INFO:root:2014-07-29 11:11:57.559098
DEBUG:root:before-->
DEBUG:root:/home/ycao/Documents/Git-Streak-Savor
DEBUG:root:after-->
DEBUG:root:/home/ycao/Documents/jekyll-blog
DEBUG:root:Already up-to-date.

INFO:root:Pulled /Documents/jekyll-blog
INFO:root:Done with add
DEBUG:root:[master 28361d2] Keep streak on 2014-07-29
 1 file changed, 1 insertion(+)

INFO:root:Done with commit
DEBUG:root:
INFO:root:Done with push
INFO:root:--------------------
INFO:root:2014-07-29 11:15:01.604361
DEBUG:root:before-->
DEBUG:root:/home/ycao
DEBUG:root:after-->
DEBUG:root:/home/ycao/Documents/jekyll-blog
INFO:root:============start============
INFO:root:2014-07-31 21:25:01.651960
DEBUG:root:before-->
DEBUG:root:/home/ycao
DEBUG:root:after-->
DEBUG:root:/home/ycao/Documents/Python_Study
DEBUG:root:Already up-to-date.

INFO:root:Pulled /Documents/Python_Study
DEBUG:root:cron running here????
INFO:root:============start============
INFO:root:2014-08-01 21:25:01.959400
DEBUG:root:before-->
DEBUG:root:/home/ycao
DEBUG:root:after-->
DEBUG:root:/home/ycao/Documents/Python_Study
DEBUG:root:Already up-to-date.

INFO:root:Pulled /Documents/Python_Study
DEBUG:root:cron running here????
